<!DOCTYPE html PUBLIC "-//W3C//DTD XHTML 1.1//EN" "http://www.w3.org/TR/xhtml11/DTD/xhtml11.dtd">
<html xmlns="http://www.w3.org/1999/xhtml"><head><title>TestNG Report</title><style type="text/css">table {margin-bottom:10px;border-collapse:collapse;empty-cells:show}th,td {border:1px solid #009;padding:.25em .5em}th {vertical-align:bottom}td {vertical-align:top}table a {font-weight:bold}.stripe td {background-color: #E6EBF9}.num {text-align:right}.passedodd td {background-color: #3F3}.passedeven td {background-color: #0A0}.skippedodd td {background-color: #DDD}.skippedeven td {background-color: #CCC}.failedodd td,.attn {background-color: #F33}.failedeven td,.stripe .attn {background-color: #D00}.stacktrace {white-space:pre;font-family:monospace}.totop {font-size:85%;text-align:center;border-bottom:2px solid #000}</style></head><body><table><tr><th>Test</th><th># Passed</th><th># Skipped</th><th># Failed</th><th>Time (ms)</th><th>Included Groups</th><th>Excluded Groups</th></tr><tr><th colspan="7">Suite</th></tr><tr><td><a href="#t0">DHS Mobile Test</a></td><td class="num">0</td><td class="num attn">1</td><td class="num attn">1</td><td class="num">2,304</td><td></td><td></td></tr><tr class="stripe"><td><a href="#t1">DHS Web Test</a></td><td class="num">1</td><td class="num">0</td><td class="num">0</td><td class="num">31,908</td><td></td><td></td></tr><tr><th>Total</th><th class="num">1</th><th class="num attn">1</th><th class="num attn">1</th><th class="num">34,212</th><th colspan="2"></th></tr></table><table><thead><tr><th>Class</th><th>Method</th><th>Start</th><th>Time (ms)</th></tr></thead><tbody><tr><th colspan="4">Suite</th></tr></tbody><tbody id="t0"><tr><th colspan="4">DHS Mobile Test &#8212; failed (configuration methods)</th></tr><tr class="failedeven"><td rowspan="1">DHS.dhsHomeTest</td><td><a href="#m0">afterMethod</a></td><td rowspan="1">1663862108952</td><td rowspan="1">0</td></tr><tr><th colspan="4">DHS Mobile Test &#8212; failed</th></tr><tr class="failedeven"><td rowspan="1">DHS.dhsHomeTest</td><td><a href="#m1">DHSHomeTestAndroid</a></td><td rowspan="1">1663862106667</td><td rowspan="1">2282</td></tr><tr><th colspan="4">DHS Mobile Test &#8212; skipped (configuration methods)</th></tr><tr class="skippedeven"><td rowspan="1">DHS.dhsHomeTest</td><td><a href="#m2">afterMethod</a></td><td rowspan="1">1663862108965</td><td rowspan="1">0</td></tr><tr><th colspan="4">DHS Mobile Test &#8212; skipped</th></tr><tr class="skippedeven"><td rowspan="1">DHS.dhsHomeTest</td><td><a href="#m3">DHSHomeTestiOS</a></td><td rowspan="1">1663862108965</td><td rowspan="1">0</td></tr></tbody><tbody id="t1"><tr><th colspan="4">DHS Web Test &#8212; passed</th></tr><tr class="passedeven"><td rowspan="1">DHS.DHSWebTest</td><td><a href="#m4">homepageTest</a></td><td rowspan="1">1663862106667</td><td rowspan="1">28813</td></tr></tbody></table><h2>DHS Mobile Test</h2><h3 id="m0">DHS.dhsHomeTest#afterMethod</h3><table class="result"><tr class="param"><th>Parameter #1</th></tr><tr class="param stripe"><td>[TestResult name=DHSHomeTestAndroid status=FAILURE method=dhsHomeTest.DHSHomeTestAndroid()[pri:0, instance:DHS.dhsHomeTest@6ab7a896] output={null}]</td></tr><tr><th>Exception</th></tr><tr><td><div class="stacktrace">java.lang.NullPointerException: Cannot invoke &quot;org.openqa.selenium.JavascriptExecutor.executeScript(String, Object[])&quot; because &quot;webDriver&quot; is null
	at com.perfecto.reportium.client.PerfectoReportiumClient.executeScript(PerfectoReportiumClient.java:228)
	at com.perfecto.reportium.client.PerfectoReportiumClient.testStop(PerfectoReportiumClient.java:198)
	at com.perfecto.reportium.client.PerfectoReportiumClient.testStop(PerfectoReportiumClient.java:175)
	at DHS.dhsHomeTest.afterMethod(dhsHomeTest.java:227)
	at java.base/java.util.concurrent.FutureTask.run(FutureTask.java:264)
	at java.base/java.util.concurrent.ThreadPoolExecutor.runWorker(ThreadPoolExecutor.java:1136)
	at java.base/java.util.concurrent.ThreadPoolExecutor$Worker.run(ThreadPoolExecutor.java:635)
	at java.base/java.lang.Thread.run(Thread.java:833)
... Removed 18 stack frames</div></td></tr></table><p class="totop"><a href="#summary">back to summary</a></p><h3 id="m1">DHS.dhsHomeTest#DHSHomeTestAndroid</h3><table class="result"><tr><th>Exception</th></tr><tr><td><div class="stacktrace">org.openqa.selenium.SessionNotCreatedException: EE-500-0001 - Max number of sessions reached. To add auto wait timeout of up to 54000000000 minutes, use the &quot;&apos;waitForAvailableLicense&apos;: true&quot; capability (WARNING: The server did not provide any stacktrace information)
Command duration or timeout: 2.03 seconds
Build info: version: &apos;3.141.59&apos;, revision: &apos;e82be7d358&apos;, time: &apos;2018-11-14T08:17:03&apos;
System info: host: &apos;DESKTOP-D47G269&apos;, ip: &apos;192.168.1.242&apos;, os.name: &apos;Windows 10&apos;, os.arch: &apos;amd64&apos;, os.version: &apos;10.0&apos;, java.version: &apos;17.0.1&apos;
Driver info: driver.version: RemoteWebDriver
	at org.openqa.selenium.remote.ErrorHandler.createThrowable(ErrorHandler.java:214)
	at org.openqa.selenium.remote.ErrorHandler.throwIfResponseFailed(ErrorHandler.java:166)
	at org.openqa.selenium.remote.JsonWireProtocolResponse.lambda$errorHandler$0(JsonWireProtocolResponse.java:54)
	at org.openqa.selenium.remote.HandshakeResponse.lambda$getResponseFunction$0(HandshakeResponse.java:30)
	at org.openqa.selenium.remote.ProtocolHandshake.lambda$createSession$0(ProtocolHandshake.java:126)
	at java.base/java.util.stream.ReferencePipeline$3$1.accept(ReferencePipeline.java:197)
	at java.base/java.util.Spliterators$ArraySpliterator.tryAdvance(Spliterators.java:1002)
	at java.base/java.util.stream.ReferencePipeline.forEachWithCancel(ReferencePipeline.java:129)
	at java.base/java.util.stream.AbstractPipeline.copyIntoWithCancel(AbstractPipeline.java:527)
	at java.base/java.util.stream.AbstractPipeline.copyInto(AbstractPipeline.java:513)
	at java.base/java.util.stream.AbstractPipeline.wrapAndCopyInto(AbstractPipeline.java:499)
	at java.base/java.util.stream.FindOps$FindOp.evaluateSequential(FindOps.java:150)
	at java.base/java.util.stream.AbstractPipeline.evaluate(AbstractPipeline.java:234)
	at java.base/java.util.stream.ReferencePipeline.findFirst(ReferencePipeline.java:647)
	at org.openqa.selenium.remote.ProtocolHandshake.createSession(ProtocolHandshake.java:128)
	at org.openqa.selenium.remote.ProtocolHandshake.createSession(ProtocolHandshake.java:74)
	at org.openqa.selenium.remote.HttpCommandExecutor.execute(HttpCommandExecutor.java:136)
	at org.openqa.selenium.remote.RemoteWebDriver.execute(RemoteWebDriver.java:552)
	at org.openqa.selenium.remote.RemoteWebDriver.startSession(RemoteWebDriver.java:213)
	at org.openqa.selenium.remote.RemoteWebDriver.&lt;init&gt;(RemoteWebDriver.java:131)
	at org.openqa.selenium.remote.RemoteWebDriver.&lt;init&gt;(RemoteWebDriver.java:144)
	at DHS.dhsHomeTest.DHSHomeTestAndroid(dhsHomeTest.java:138)
	at java.base/java.util.concurrent.FutureTask.run(FutureTask.java:264)
	at java.base/java.util.concurrent.ThreadPoolExecutor.runWorker(ThreadPoolExecutor.java:1136)
	at java.base/java.util.concurrent.ThreadPoolExecutor$Worker.run(ThreadPoolExecutor.java:635)
	at java.base/java.lang.Thread.run(Thread.java:833)
... Removed 21 stack frames</div></td></tr></table><p class="totop"><a href="#summary">back to summary</a></p><h3 id="m2">DHS.dhsHomeTest#afterMethod</h3><table class="result"></table><p class="totop"><a href="#summary">back to summary</a></p><h3 id="m3">DHS.dhsHomeTest#DHSHomeTestiOS</h3><table class="result"></table><p class="totop"><a href="#summary">back to summary</a></p><h2>DHS Web Test</h2><h3 id="m4">DHS.DHSWebTest#homepageTest</h3><table class="result"></table><p class="totop"><a href="#summary">back to summary</a></p></body></html>